The following modules were not unloaded:
  (Use "module --force purge" to unload all):

  1) nixpkgs/16.09     4) icc/.2016.4.258     7) openmpi/2.1.1
  2) imkl/11.3.4.258   5) ifort/.2016.4.258   8) StdEnv/2016.4
  3) gcccore/.5.4.0    6) intel/2016.4

Due to MODULEPATH changes, the following have been reloaded:
  1) openmpi/2.1.1


Due to MODULEPATH changes, the following have been reloaded:
  1) openmpi/2.1.1


Currently Loaded Modules:
  1) StdEnv/2016.4   (S)      4) gcccore/.5.4.0    (H)   7) intel/2016.4  (t)
  2) nixpkgs/16.09   (S)      5) icc/.2016.4.258   (H)   8) cuda/8.0.44   (t)
  3) imkl/11.3.4.258 (math)   6) ifort/.2016.4.258 (H)   9) openmpi/2.1.1 (m)

  Where:
   H:     Hidden Module
   S:     Module is Sticky, requires --force to unload or purge
   m:     MPI implementations / Implémentations MPI
   math:  Mathematical libraries / Bibliothèques mathématiques
   t:     Tools for development / Outils de développement

 

nvcc warning : The 'compute_20', 'sm_20', and 'sm_21' architectures are deprecated, and may be removed in a future release (Use -Wno-deprecated-gpu-targets to suppress warning).
0.365344
0.125056
0.063936
0.060672
0.086208
0.081632
0.063328
0.064128
0.058432
0.055232
0.07632
0.06368
0.059584
0.05536
0.056832
0.064128
0.046496
0.044608
0.04464
0.042304
0.039168
0.053344
0.039328
0.040192
0.064032
0.061184
0.064
0.06048
0.063104
0.057088
0.05648
0.062912
0.058752
0.058304
0.05872
0.05952
0.058016
0.055584
0.060576
0.05728
0.049472
0.0456
0.066784
0.043008
0.042432
0.054272
0.069376
0.067136
0.06864
0.060192
0.055328
0.064096
0.055104
0.050688
0.054464
0.051776
0.052032
0.051392
0.0496
0.046528
0.054784
0.04688
0.053408
0.064416
0.056096
0.055264
0.050848
0.045888
0.046592
0.04304
0.043648
0.038368
0.039168
0.03968
0.03888
0.03952
0.051328
0.03904
0.040192
0.038784
0.039936
0.03984
0.05408
0.063648
0.06416
0.060768
0.060384
0.063328
0.053408
0.054112
0.06192
0.05968
0.056512
0.068096
0.066656
0.061248
0.056864
0.058016
0.056704
0.05456
0.052352
0.049696
0.04832
0.052928
0.064832
0.060448
0.0648
0.060512
0.056288
0.053888
0.053504
0.06208
0.05936
0.075488
0.054208
0.053568
0.054016
0.053504
0.057856
0.058272
0.070944
0.059904
0.067456
0.058912
0.057344
0.068032
0.061536
0.069024
0.05728
0.068288
0.05712
0.065568
0.059744
0.061728
0.061056
0.059648
0.08944
0.097024
0.059968
0.056832
0.074496
0.070496
0.06048
0.059776
0.056416
0.056672
0.053696
0.054784
0.053248
0.075008
0.060192
0.06016
0.057152
0.063776
0.06016
0.061984
0.056704
0.053024
0.052032
0.04896
0.051744
0.071776
0.060576
0.06048
0.064192
0.061792
0.05744
0.053632
0.050624
0.054496
0.061312
0.057888
0.058048
0.053984
0.067136
0.049856
0.048672
0.04656
0.044512
0.043488
0.052896
0.037056
0.036096
0.038048
0.036768
0.052992
0.041024
0.076448
