The following modules were not unloaded:
  (Use "module --force purge" to unload all):

  1) nixpkgs/16.09     4) icc/.2016.4.258     7) openmpi/2.1.1
  2) imkl/11.3.4.258   5) ifort/.2016.4.258   8) StdEnv/2016.4
  3) gcccore/.5.4.0    6) intel/2016.4

Due to MODULEPATH changes, the following have been reloaded:
  1) openmpi/2.1.1


Due to MODULEPATH changes, the following have been reloaded:
  1) openmpi/2.1.1

nvcc warning : The 'compute_20', 'sm_20', and 'sm_21' architectures are deprecated, and may be removed in a future release (Use -Wno-deprecated-gpu-targets to suppress warning).
0.338976
0.11088
0.103296
0.068512
0.060128
0.053792
0.055392
0.050816
0.073632
0.062816
0.06112
0.057024
0.068736
0.063936
0.083936
0.071808
0.064736
0.059808
0.068512
0.08128
0.07616
0.067296
0.06
0.06608
0.058912
0.07552
0.054336
0.053888
0.08256
0.065088
0.060032
0.059392
0.053824
0.049216
0.050688
0.044192
0.063264
0.062464
0.05824
0.074112
0.063136
0.058848
0.056032
0.062688
0.051616
0.049792
0.049984
0.091936
0.066016
0.084512
0.113504
0.079456
0.062496
0.057856
0.062784
0.060576
0.07248
0.053248
0.049504
0.064608
0.059136
0.065792
0.069536
0.06688
0.061056
0.059776
0.056128
0.078592
0.061408
0.060096
0.070816
0.073184
0.06448
0.069664
0.062176
0.058976
0.0656
0.052416
0.047616
0.048032
0.047872
0.045056
0.042848
0.073408
0.105696
0.060704
0.06112
0.058144
0.075584
0.060256
0.070304
0.054176
0.053568
0.063872
0.063808
0.056288
0.060448
0.067264
0.057376
0.05232
0.049664
0.059136
0.064672
0.064896
0.063648
0.073856
0.061024
0.056288
0.05696
0.06416
0.05872
0.054144
0.050336
0.071744
0.059584
0.08992
0.060288
0.065664
0.06016
0.05696
0.054336
0.047936
0.073728
0.058688
0.073792
0.077856
0.057248
0.054688
0.052416
0.091168
0.059104
0.054752
0.048288
0.047072
0.061024
0.055872
0.05232
0.047904
0.047808
0.048576
0.04448
0.06352
0.065664
0.066336
0.065184
0.0968
0.059392
0.05344
0.06576
0.058656
0.057984
0.059168
0.064352
0.063712
0.059392
0.055904
0.072512
0.053408
0.07392
0.074016
0.058144
0.050176
0.050592
0.064288
0.063744
0.05968
0.059232
0.056768
0.05376
0.06064
0.0488
0.06416
0.065504
0.07184
0.061632
0.065088
0.065504
0.065856
0.059296
0.070816
0.081504
0.06064
0.058432
0.063136
0.060544
0.091936
0.065248
0.059584
