The following modules were not unloaded:
  (Use "module --force purge" to unload all):

  1) StdEnv/2016.4     4) gcccore/.5.4.0      7) intel/2016.4
  2) nixpkgs/16.09     5) icc/.2016.4.258     8) openmpi/2.1.1
  3) imkl/11.3.4.258   6) ifort/.2016.4.258

Due to MODULEPATH changes, the following have been reloaded:
  1) openmpi/2.1.1

nvcc warning : The 'compute_20', 'sm_20', and 'sm_21' architectures are deprecated, and may be removed in a future release (Use -Wno-deprecated-gpu-targets to suppress warning).
0.062496
0.021952
0.020352
0.025536
0.02592
0.034144
0.0336
0.034176
0.02608
0.023104
0.02224
0.050816
0.021824
0.020192
0.028832
0.028832
0.019232
0.026912
0.017024
0.015328
0.01552
0.033568
0.026848
0.021888
0.023616
0.021824
0.028576
0.02368
0.030048
0.029824
0.027616
0.0288
0.034848
0.031456
0.03008
0.03584
0.035584
0.034208
0.034368
0.024064
0.030688
0.021792
0.021696
0.025504
0.023168
0.03456
0.023456
0.038848
0.021792
0.035136
0.023296
0.022912
0.021344
0.02032
0.029664
0.019808
0.018912
0.018752
0.025536
0.035872
0.024288
0.0312
0.022144
0.020384
0.032416
0.031552
0.021376
0.020224
0.019904
0.022976
0.026336
0.026432
0.024064
0.023392
0.025056
0.02336
0.031424
0.031456
0.035648
0.024544
0.023264
0.021952
0.021696
0.022176
0.024384
0.021952
0.020832
0.03184
0.020608
0.02992
0.035904
0.031712
0.024544
0.01824
0.023392
0.026816
0.02256
0.02192
0.021152
0.032928
0.031232
0.030976
0.030464
0.032096
0.03408
0.030912
0.031392
0.019808
0.022272
0.01904
0.0344
0.025696
0.023424
0.028288
0.052352
0.024288
0.025344
0.023776
0.025376
0.03312
0.031584
0.021888
0.031744
0.026752
0.04368
0.021376
0.028416
0.034144
0.024416
0.048544
0.038912
0.023456
0.02368
0.02368
0.021344
0.027968
0.032928
0.033824
0.02976
0.032
0.024544
0.033088
0.050208
0.024384
0.029696
0.031968
0.022176
0.021824
0.023264
0.024576
0.035552
0.024416
0.033824
0.025632
0.032896
0.028768
0.021376
0.021728
0.030976
0.03264
0.024608
0.024608
0.024288
0.021888
0.024896
0.035744
0.023456
0.035744
0.027936
0.034816
0.023072
0.025344
0.026304
0.036064
0.033696
0.023072
0.02496
0.03696
0.033376
0.024384
0.031136
0.02256
0.021344
0.021792
0.021024
0.039712
0.04128
0.033568
